<?xml version="1.0" encoding="UTF-8"?>
<testng-results ignored="0" total="1" passed="1" failed="0" skipped="0">
  <reporter-output>
  </reporter-output>
  <suite started-at="2023-11-30T10:01:25Z" name="Default suite" finished-at="2023-11-30T10:01:25Z" duration-ms="17">
    <groups>
    </groups>
    <test started-at="2023-11-30T10:01:25Z" name="Default test" finished-at="2023-11-30T10:01:25Z" duration-ms="17">
      <class name="gitTest">
        <test-method signature="f()[pri:0, instance:gitTest@15713d56]" started-at="2023-11-30T15:31:25Z" name="f" finished-at="2023-11-30T15:31:25Z" duration-ms="5" status="PASS">
          <reporter-output>
          </reporter-output>
        </test-method> <!-- f -->
      </class> <!-- gitTest -->
    </test> <!-- Default test -->
  </suite> <!-- Default suite -->
</testng-results>
